<?xml version="1.0" encoding="UTF-8"?>
<!-- Generated by org.testng.reporters.JUnitReportReporter -->
<testsuite skipped="0" hostname="LAPTOP-75G6PTHA" name="com.cyient.base.WebDriverWrapper" tests="1" failures="0" timestamp="13 Jun 2021 12:11:48 GMT" time="10.015" errors="0">
  <testcase name="setup" time="10.015" classname="com.cyient.base.WebDriverWrapper"/>
</testsuite> <!-- com.cyient.base.WebDriverWrapper -->
