<?xml version="1.0" encoding="UTF-8"?>
<!-- Generated by org.testng.reporters.JUnitReportReporter -->
<testsuite skipped="0" hostname="LAPTOP-75G6PTHA" name="com.cyient.test.signupTermsTest" tests="1" failures="0" timestamp="13 Jun 2021 16:47:32 GMT" time="17.139" errors="0">
  <testcase name="validCredentialTest" time="17.139" classname="com.cyient.test.signupTermsTest"/>
</testsuite> <!-- com.cyient.test.signupTermsTest -->
