<?xml version="1.0" encoding="UTF-8"?>
<!-- Generated by org.testng.reporters.JUnitReportReporter -->
<testsuite skipped="0" hostname="LAPTOP-75G6PTHA" name="com.cyient.test.LoginTest" tests="1" failures="0" timestamp="13 Jun 2021 16:32:52 GMT" time="39.689" errors="0">
  <testcase name="inValidCredentialTest" time="39.689" classname="com.cyient.test.LoginTest"/>
</testsuite> <!-- com.cyient.test.LoginTest -->
