<?xml version="1.0" encoding="UTF-8"?>
<!-- Generated by org.testng.reporters.JUnitReportReporter -->
<testsuite skipped="0" hostname="LAPTOP-75G6PTHA" name="com.cyient.test.signupTermsTest" tests="1" failures="0" timestamp="14 Jun 2021 03:50:43 GMT" time="13.195" errors="0">
  <testcase name="validCredentialTest" time="13.195" classname="com.cyient.test.signupTermsTest"/>
</testsuite> <!-- com.cyient.test.signupTermsTest -->
