<?xml version="1.0" encoding="UTF-8"?>
<!-- Generated by org.testng.reporters.JUnitReportReporter -->
<testsuite skipped="0" hostname="LAPTOP-75G6PTHA" name="com.cyient.test.PlaceOrderTest" tests="1" failures="0" timestamp="14 Jun 2021 03:45:55 GMT" time="34.927" errors="0">
  <testcase name="orderDetails" time="34.927" classname="com.cyient.test.PlaceOrderTest"/>
</testsuite> <!-- com.cyient.test.PlaceOrderTest -->
